20220302 09:37:58 INFO  [main] userInput.logger logger.java9 - Do you want to focus on: 
20220302 09:37:58 INFO  [main] userInput.logger logger.java9 - 1. Customers
20220302 09:37:58 INFO  [main] userInput.logger logger.java9 - 2. Items
20220302 09:37:58 INFO  [main] userInput.logger logger.java9 - 3. Orders
20220302 09:37:58 INFO  [main] userInput.logger logger.java9 - 4. Exit
20220302 09:38:00 DEBUG [main] userInput.logger logger.java12 - Input: 3
20220302 09:38:00 DEBUG [main] userInput.logger logger.java12 - active: controllers.OrdersController@28f2a10f
20220302 09:38:00 INFO  [main] userInput.logger logger.java9 - what do you want to do?
20220302 09:38:00 INFO  [main] userInput.logger logger.java9 - 1. Create an order
20220302 09:38:00 INFO  [main] userInput.logger logger.java9 - 2. Delete an order
20220302 09:38:00 INFO  [main] userInput.logger logger.java9 - 3. Read an order
20220302 09:38:00 INFO  [main] userInput.logger logger.java9 - 4. Read All orders
20220302 09:38:00 INFO  [main] userInput.logger logger.java9 - 5. Update an order
20220302 09:38:00 INFO  [main] userInput.logger logger.java9 - 6. Cancel all orders related to a customer or an item.
20220302 09:38:01 INFO  [main] userInput.logger logger.java9 - Customer ID:1, Name=Keir Roberts
20220302 09:38:01 INFO  [main] userInput.logger logger.java9 - Customer ID:3, Name=quinn amores
20220302 09:38:01 INFO  [main] userInput.logger logger.java9 - Please input the ID of the cutomer making the order, or 0 to cancel
20220302 09:38:02 DEBUG [main] userInput.logger logger.java12 - Input: 1
20220302 09:38:02 INFO  [main] userInput.logger logger.java9 - Customer ID:1, Name=Keir Roberts
20220302 09:38:02 INFO  [main] userInput.logger logger.java9 - Customer ID:3, Name=quinn amores
20220302 09:38:02 DEBUG [main] userInput.logger logger.java12 - Order date: 2022-03-02
20220302 09:38:02 INFO  [main] userInput.logger logger.java9 - Item ID=5cheese, price = £2.99, stock = 10
20220302 09:38:02 INFO  [main] userInput.logger logger.java9 - Item ID=6bread, price = £0.85, stock = 20
20220302 09:38:02 INFO  [main] userInput.logger logger.java9 - Input the ID of the item you wish to add to the order. Input 0 to stop adding items.
20220302 09:38:12 INFO  [main] userInput.logger logger.java9 - Item ID=5cheese, price = £2.99, stock = 10
20220302 09:38:12 INFO  [main] userInput.logger logger.java9 - Item ID=6bread, price = £0.85, stock = 20
20220302 09:38:12 INFO  [main] userInput.logger logger.java9 - Item ID=5cheese, price = £2.99, stock = 10
20220302 09:38:12 INFO  [main] userInput.logger logger.java9 - Item ID=6bread, price = £0.85, stock = 20
20220302 09:38:12 INFO  [main] userInput.logger logger.java9 - Input the ID of the item you wish to add to the order. Input 0 to stop adding items.
20220302 09:38:14 INFO  [main] userInput.logger logger.java9 - Item ID=5cheese, price = £2.99, stock = 10
20220302 09:38:14 INFO  [main] userInput.logger logger.java9 - Item ID=6bread, price = £0.85, stock = 20
20220302 09:38:14 INFO  [main] userInput.logger logger.java9 - Item ID=5cheese, price = £2.99, stock = 10
20220302 09:38:14 INFO  [main] userInput.logger logger.java9 - Item ID=6bread, price = £0.85, stock = 20
20220302 09:38:14 INFO  [main] userInput.logger logger.java9 - Input the ID of the item you wish to add to the order. Input 0 to stop adding items.
20220302 09:38:17 DEBUG [main] userInput.logger logger.java12 - Input: 0
20220302 09:38:17 DEBUG [main] userInput.logger logger.java12 - sql date: 2022-03-02
20220302 09:38:17 INFO  [main] userInput.logger logger.java9 - what do you want to do?
20220302 09:38:17 INFO  [main] userInput.logger logger.java9 - 1. Create an order
20220302 09:38:17 INFO  [main] userInput.logger logger.java9 - 2. Delete an order
20220302 09:38:17 INFO  [main] userInput.logger logger.java9 - 3. Read an order
20220302 09:38:17 INFO  [main] userInput.logger logger.java9 - 4. Read All orders
20220302 09:38:17 INFO  [main] userInput.logger logger.java9 - 5. Update an order
20220302 09:38:17 INFO  [main] userInput.logger logger.java9 - 6. Cancel all orders related to a customer or an item.
20220302 09:38:21 INFO  [main] userInput.logger logger.java9 - Do you want to focus on: 
20220302 09:38:21 INFO  [main] userInput.logger logger.java9 - 1. Customers
20220302 09:38:21 INFO  [main] userInput.logger logger.java9 - 2. Items
20220302 09:38:21 INFO  [main] userInput.logger logger.java9 - 3. Orders
20220302 09:38:21 INFO  [main] userInput.logger logger.java9 - 4. Exit
20220302 09:38:23 DEBUG [main] userInput.logger logger.java12 - Input: 4
